2024-04-27 13:19:53,477 INFO    StreamThr :66038 [internal.py:wandb_internal():86] W&B internal server running at pid: 66038, started at: 2024-04-27 13:19:53.476221
2024-04-27 13:19:53,479 DEBUG   HandlerThread:66038 [handler.py:handle_request():146] handle_request: status
2024-04-27 13:19:53,479 INFO    WriterThread:66038 [datastore.py:open_for_write():87] open: /Users/ayotomiwasalau/Documents/data-tools-project/udacity/mlops/ml-pipeline/ml-pipe/preprocess/wandb/run-20240427_131953-8cmdff3l/run-8cmdff3l.wandb
2024-04-27 13:19:53,482 DEBUG   SenderThread:66038 [sender.py:send():379] send: header
2024-04-27 13:19:53,510 DEBUG   SenderThread:66038 [sender.py:send():379] send: run
2024-04-27 13:19:54,444 INFO    SenderThread:66038 [dir_watcher.py:__init__():211] watching files in: /Users/ayotomiwasalau/Documents/data-tools-project/udacity/mlops/ml-pipeline/ml-pipe/preprocess/wandb/run-20240427_131953-8cmdff3l/files
2024-04-27 13:19:54,444 INFO    SenderThread:66038 [sender.py:_start_run_threads():1124] run started: 8cmdff3l with start time 1714220393.477025
2024-04-27 13:19:54,451 DEBUG   HandlerThread:66038 [handler.py:handle_request():146] handle_request: check_version
2024-04-27 13:19:54,451 DEBUG   SenderThread:66038 [sender.py:send_request():406] send_request: check_version
2024-04-27 13:19:55,318 DEBUG   HandlerThread:66038 [handler.py:handle_request():146] handle_request: run_start
2024-04-27 13:19:55,324 DEBUG   HandlerThread:66038 [system_info.py:__init__():26] System info init
2024-04-27 13:19:55,324 DEBUG   HandlerThread:66038 [system_info.py:__init__():41] System info init done
2024-04-27 13:19:55,324 INFO    HandlerThread:66038 [system_monitor.py:start():194] Starting system monitor
2024-04-27 13:19:55,324 INFO    SystemMonitor:66038 [system_monitor.py:_start():158] Starting system asset monitoring threads
2024-04-27 13:19:55,324 INFO    HandlerThread:66038 [system_monitor.py:probe():214] Collecting system info
2024-04-27 13:19:55,326 DEBUG   HandlerThread:66038 [system_info.py:probe():150] Probing system
2024-04-27 13:19:55,326 INFO    SystemMonitor:66038 [interfaces.py:start():190] Started cpu monitoring
2024-04-27 13:19:55,326 INFO    SystemMonitor:66038 [interfaces.py:start():190] Started disk monitoring
2024-04-27 13:19:55,330 INFO    SystemMonitor:66038 [interfaces.py:start():190] Started gpuapple monitoring
2024-04-27 13:19:55,330 INFO    SystemMonitor:66038 [interfaces.py:start():190] Started memory monitoring
2024-04-27 13:19:55,331 INFO    SystemMonitor:66038 [interfaces.py:start():190] Started network monitoring
2024-04-27 13:19:55,335 DEBUG   HandlerThread:66038 [system_info.py:_probe_git():135] Probing git
2024-04-27 13:19:55,358 DEBUG   HandlerThread:66038 [system_info.py:_probe_git():143] Probing git done
2024-04-27 13:19:55,359 DEBUG   HandlerThread:66038 [system_info.py:probe():198] Probing system done
2024-04-27 13:19:55,359 DEBUG   HandlerThread:66038 [system_monitor.py:probe():223] {'os': 'macOS-13.5.2-arm64-arm-64bit', 'python': '3.12.3', 'heartbeatAt': '2024-04-27T12:19:55.326147', 'startedAt': '2024-04-27T12:19:53.467596', 'docker': None, 'cuda': None, 'args': ('--input_artifact', 'raw_data.parquet:latest', '--artifact_name', 'preprocessed_data.csv', '--artifact_type', 'preprocessed_data', '--artifact_description', 'Data with preprocessing applied'), 'state': 'running', 'program': '/Users/ayotomiwasalau/Documents/data-tools-project/udacity/mlops/ml-pipeline/ml-pipe/preprocess/run.py', 'codePathLocal': 'run.py', 'codePath': 'preprocess/run.py', 'git': {'remote': 'https://github.com/ayotomiwasalau/ml-pipe.git', 'commit': 'c753284f362bc3769c2df179aa3eddb270d036aa'}, 'email': 'ayotomiwasalau@gmail.com', 'root': '/Users/ayotomiwasalau/Documents/data-tools-project/udacity/mlops/ml-pipeline/ml-pipe', 'host': 'ayotomialausMBP', 'username': 'ayotomiwasalau', 'executable': '/Users/ayotomiwasalau/anaconda3/envs/mlflow-7bd88c9e64ceb46f797079836efc7bf9aa6d00e9/bin/python', 'cpu_count': 8, 'cpu_count_logical': 8, 'cpu_freq': {'current': 3228, 'min': 600, 'max': 3228}, 'cpu_freq_per_core': [{'current': 3228, 'min': 600, 'max': 3228}], 'disk': {'/': {'total': 460.4317207336426, 'used': 11.107654571533203}}, 'gpuapple': {'type': 'arm', 'vendor': 'Apple'}, 'memory': {'total': 16.0}}
2024-04-27 13:19:55,359 INFO    HandlerThread:66038 [system_monitor.py:probe():224] Finished collecting system info
2024-04-27 13:19:55,359 INFO    HandlerThread:66038 [system_monitor.py:probe():227] Publishing system info
2024-04-27 13:19:55,359 DEBUG   HandlerThread:66038 [system_info.py:_save_conda():207] Saving list of conda packages installed into the current environment
2024-04-27 13:19:55,450 INFO    Thread-12 :66038 [dir_watcher.py:_on_file_created():271] file/dir created: /Users/ayotomiwasalau/Documents/data-tools-project/udacity/mlops/ml-pipeline/ml-pipe/preprocess/wandb/run-20240427_131953-8cmdff3l/files/conda-environment.yaml
2024-04-27 13:19:56,569 DEBUG   HandlerThread:66038 [system_info.py:_save_conda():222] Saving conda packages done
2024-04-27 13:19:56,570 INFO    HandlerThread:66038 [system_monitor.py:probe():229] Finished publishing system info
2024-04-27 13:19:56,572 DEBUG   SenderThread:66038 [sender.py:send():379] send: files
2024-04-27 13:19:56,572 INFO    SenderThread:66038 [sender.py:_save_file():1390] saving file wandb-metadata.json with policy now
2024-04-27 13:19:56,586 DEBUG   HandlerThread:66038 [handler.py:handle_request():146] handle_request: python_packages
2024-04-27 13:19:56,587 DEBUG   SenderThread:66038 [sender.py:send_request():406] send_request: python_packages
2024-04-27 13:19:56,587 DEBUG   SenderThread:66038 [sender.py:send():379] send: telemetry
2024-04-27 13:19:56,587 DEBUG   HandlerThread:66038 [handler.py:handle_request():146] handle_request: stop_status
2024-04-27 13:19:56,587 DEBUG   HandlerThread:66038 [handler.py:handle_request():146] handle_request: internal_messages
2024-04-27 13:19:56,588 DEBUG   SenderThread:66038 [sender.py:send_request():406] send_request: stop_status
2024-04-27 13:19:57,468 INFO    Thread-12 :66038 [dir_watcher.py:_on_file_modified():288] file/dir modified: /Users/ayotomiwasalau/Documents/data-tools-project/udacity/mlops/ml-pipeline/ml-pipe/preprocess/wandb/run-20240427_131953-8cmdff3l/files/conda-environment.yaml
2024-04-27 13:19:57,468 INFO    Thread-12 :66038 [dir_watcher.py:_on_file_created():271] file/dir created: /Users/ayotomiwasalau/Documents/data-tools-project/udacity/mlops/ml-pipeline/ml-pipe/preprocess/wandb/run-20240427_131953-8cmdff3l/files/wandb-metadata.json
2024-04-27 13:19:57,469 INFO    Thread-12 :66038 [dir_watcher.py:_on_file_created():271] file/dir created: /Users/ayotomiwasalau/Documents/data-tools-project/udacity/mlops/ml-pipeline/ml-pipe/preprocess/wandb/run-20240427_131953-8cmdff3l/files/requirements.txt
2024-04-27 13:19:57,469 INFO    Thread-12 :66038 [dir_watcher.py:_on_file_created():271] file/dir created: /Users/ayotomiwasalau/Documents/data-tools-project/udacity/mlops/ml-pipeline/ml-pipe/preprocess/wandb/run-20240427_131953-8cmdff3l/files/output.log
2024-04-27 13:24:37,655 INFO    Thread-12 :66038 [dir_watcher.py:_on_file_modified():288] file/dir modified: /Users/ayotomiwasalau/Documents/data-tools-project/udacity/mlops/ml-pipeline/ml-pipe/preprocess/wandb/run-20240427_131953-8cmdff3l/files/output.log
2024-04-27 13:24:41,227 DEBUG   HandlerThread:66038 [handler.py:handle_request():146] handle_request: status_report
2024-04-27 13:24:46,272 DEBUG   HandlerThread:66038 [handler.py:handle_request():146] handle_request: status_report
2024-04-27 13:24:49,777 DEBUG   HandlerThread:66038 [handler.py:handle_request():146] handle_request: internal_messages
2024-04-27 13:24:49,778 DEBUG   HandlerThread:66038 [handler.py:handle_request():146] handle_request: stop_status
2024-04-27 13:24:49,778 DEBUG   SenderThread:66038 [sender.py:send_request():406] send_request: stop_status
2024-04-27 13:24:51,290 DEBUG   HandlerThread:66038 [handler.py:handle_request():146] handle_request: status_report
2024-04-27 13:24:52,360 ERROR   wandb-upload_0:66038 [internal_api.py:upload_file():2767] upload_file exception https://storage.googleapis.com/wandb-production.appspot.com/ayotomiwasalau/exercise_14/8cmdff3l/wandb-metadata.json?Expires=1714306797&GoogleAccessId=gorilla-files-url-signer-man%40wandb-production.iam.gserviceaccount.com&Signature=HMtYI9z0iA5%2F0IOXQm0OekGZ%2BW7psXL44hsO5cZG3mUhXETUrGQ3bH7pZVo9p%2B75R7YmwRLqgMVmqfHCTUdMVmemNO23fL1D8E9K07auRgaECB7UDy7KH%2Btxy0zAbCTMSl1yHtW8g54B34B5HKaq%2F74KsORzBShtLBHEaAJKJBrCHblvponiPnMkqmgcVZ%2F835EwteQmV12DowZ5xPYjFvuGGYQZec25Uno1ks0JWFII2payV%2FrGvvhLI%2B2tSc0BvXJOK20%2B6%2BAh246Tj3NHTnlSVPkQhFZiQ18F7pTq2d%2FGhVncmW7hqTqwBeQ7vUXql2J7vDvPcDTojCEjOPEOdw%3D%3D: ('Connection aborted.', RemoteDisconnected('Remote end closed connection without response'))
2024-04-27 13:24:52,360 ERROR   wandb-upload_0:66038 [internal_api.py:upload_file():2769] upload_file request headers: {'User-Agent': 'python-requests/2.31.0', 'Accept-Encoding': 'gzip, deflate', 'Accept': '*/*', 'Connection': 'keep-alive', 'Content-Length': '1676'}
2024-04-27 13:24:52,360 ERROR   wandb-upload_0:66038 [internal_api.py:upload_file():2771] upload_file response body: 
2024-04-27 13:24:54,370 INFO    wandb-upload_0:66038 [upload_job.py:push():131] Uploaded file /var/folders/_r/dchdvrt17dbb3l_1jl9f8gm80000gn/T/tmpsrw9d00zwandb/s7tc6ul8-wandb-metadata.json
2024-04-27 13:24:54,645 DEBUG   SenderThread:66038 [sender.py:send():379] send: exit
2024-04-27 13:24:54,645 INFO    SenderThread:66038 [sender.py:send_exit():586] handling exit code: 1
2024-04-27 13:24:54,646 INFO    SenderThread:66038 [sender.py:send_exit():588] handling runtime: 299
2024-04-27 13:24:54,646 INFO    SenderThread:66038 [sender.py:_save_file():1390] saving file wandb-summary.json with policy end
2024-04-27 13:24:54,647 INFO    SenderThread:66038 [sender.py:send_exit():594] send defer
2024-04-27 13:24:54,647 DEBUG   HandlerThread:66038 [handler.py:handle_request():146] handle_request: defer
2024-04-27 13:24:54,647 INFO    HandlerThread:66038 [handler.py:handle_request_defer():172] handle defer: 0
2024-04-27 13:24:54,647 DEBUG   SenderThread:66038 [sender.py:send_request():406] send_request: defer
2024-04-27 13:24:54,647 INFO    SenderThread:66038 [sender.py:send_request_defer():610] handle sender defer: 0
2024-04-27 13:24:54,647 INFO    SenderThread:66038 [sender.py:transition_state():614] send defer: 1
2024-04-27 13:24:54,647 DEBUG   HandlerThread:66038 [handler.py:handle_request():146] handle_request: defer
2024-04-27 13:24:54,647 INFO    HandlerThread:66038 [handler.py:handle_request_defer():172] handle defer: 1
2024-04-27 13:24:54,647 DEBUG   SenderThread:66038 [sender.py:send_request():406] send_request: defer
2024-04-27 13:24:54,647 INFO    SenderThread:66038 [sender.py:send_request_defer():610] handle sender defer: 1
2024-04-27 13:24:54,647 INFO    SenderThread:66038 [sender.py:transition_state():614] send defer: 2
2024-04-27 13:24:54,647 DEBUG   HandlerThread:66038 [handler.py:handle_request():146] handle_request: defer
2024-04-27 13:24:54,647 INFO    HandlerThread:66038 [handler.py:handle_request_defer():172] handle defer: 2
2024-04-27 13:24:54,647 INFO    HandlerThread:66038 [system_monitor.py:finish():203] Stopping system monitor
2024-04-27 13:24:54,648 DEBUG   SystemMonitor:66038 [system_monitor.py:_start():172] Starting system metrics aggregation loop
2024-04-27 13:24:54,648 DEBUG   SystemMonitor:66038 [system_monitor.py:_start():179] Finished system metrics aggregation loop
2024-04-27 13:24:54,648 INFO    HandlerThread:66038 [interfaces.py:finish():202] Joined cpu monitor
2024-04-27 13:24:54,648 DEBUG   SystemMonitor:66038 [system_monitor.py:_start():183] Publishing last batch of metrics
2024-04-27 13:24:54,648 INFO    HandlerThread:66038 [interfaces.py:finish():202] Joined disk monitor
2024-04-27 13:24:54,649 INFO    HandlerThread:66038 [interfaces.py:finish():202] Joined gpuapple monitor
2024-04-27 13:24:54,649 INFO    HandlerThread:66038 [interfaces.py:finish():202] Joined memory monitor
2024-04-27 13:24:54,649 INFO    HandlerThread:66038 [interfaces.py:finish():202] Joined network monitor
2024-04-27 13:24:54,649 DEBUG   SenderThread:66038 [sender.py:send_request():406] send_request: defer
2024-04-27 13:24:54,649 INFO    SenderThread:66038 [sender.py:send_request_defer():610] handle sender defer: 2
2024-04-27 13:24:54,649 INFO    SenderThread:66038 [sender.py:transition_state():614] send defer: 3
2024-04-27 13:24:54,649 DEBUG   SenderThread:66038 [sender.py:send():379] send: telemetry
2024-04-27 13:24:54,649 DEBUG   HandlerThread:66038 [handler.py:handle_request():146] handle_request: defer
2024-04-27 13:24:54,649 DEBUG   SenderThread:66038 [sender.py:send():379] send: stats
2024-04-27 13:24:54,649 INFO    HandlerThread:66038 [handler.py:handle_request_defer():172] handle defer: 3
2024-04-27 13:24:54,649 DEBUG   SenderThread:66038 [sender.py:send_request():406] send_request: defer
2024-04-27 13:24:54,649 INFO    SenderThread:66038 [sender.py:send_request_defer():610] handle sender defer: 3
2024-04-27 13:24:54,650 INFO    SenderThread:66038 [sender.py:transition_state():614] send defer: 4
2024-04-27 13:24:54,650 DEBUG   HandlerThread:66038 [handler.py:handle_request():146] handle_request: defer
2024-04-27 13:24:54,650 INFO    HandlerThread:66038 [handler.py:handle_request_defer():172] handle defer: 4
2024-04-27 13:24:54,650 DEBUG   SenderThread:66038 [sender.py:send_request():406] send_request: defer
2024-04-27 13:24:54,650 INFO    SenderThread:66038 [sender.py:send_request_defer():610] handle sender defer: 4
2024-04-27 13:24:54,650 INFO    SenderThread:66038 [sender.py:transition_state():614] send defer: 5
2024-04-27 13:24:54,650 DEBUG   HandlerThread:66038 [handler.py:handle_request():146] handle_request: defer
2024-04-27 13:24:54,650 INFO    HandlerThread:66038 [handler.py:handle_request_defer():172] handle defer: 5
2024-04-27 13:24:54,650 DEBUG   SenderThread:66038 [sender.py:send():379] send: summary
2024-04-27 13:24:54,650 INFO    SenderThread:66038 [sender.py:_save_file():1390] saving file wandb-summary.json with policy end
2024-04-27 13:24:54,650 DEBUG   SenderThread:66038 [sender.py:send_request():406] send_request: defer
2024-04-27 13:24:54,650 INFO    SenderThread:66038 [sender.py:send_request_defer():610] handle sender defer: 5
2024-04-27 13:24:54,650 INFO    SenderThread:66038 [sender.py:transition_state():614] send defer: 6
2024-04-27 13:24:54,650 DEBUG   HandlerThread:66038 [handler.py:handle_request():146] handle_request: defer
2024-04-27 13:24:54,650 INFO    HandlerThread:66038 [handler.py:handle_request_defer():172] handle defer: 6
2024-04-27 13:24:54,650 DEBUG   SenderThread:66038 [sender.py:send_request():406] send_request: defer
2024-04-27 13:24:54,650 INFO    SenderThread:66038 [sender.py:send_request_defer():610] handle sender defer: 6
2024-04-27 13:24:54,652 DEBUG   HandlerThread:66038 [handler.py:handle_request():146] handle_request: status_report
2024-04-27 13:24:54,787 INFO    Thread-12 :66038 [dir_watcher.py:_on_file_created():271] file/dir created: /Users/ayotomiwasalau/Documents/data-tools-project/udacity/mlops/ml-pipeline/ml-pipe/preprocess/wandb/run-20240427_131953-8cmdff3l/files/wandb-summary.json
2024-04-27 13:24:54,914 INFO    SenderThread:66038 [sender.py:transition_state():614] send defer: 7
2024-04-27 13:24:54,915 DEBUG   HandlerThread:66038 [handler.py:handle_request():146] handle_request: defer
2024-04-27 13:24:54,915 INFO    HandlerThread:66038 [handler.py:handle_request_defer():172] handle defer: 7
2024-04-27 13:24:54,915 DEBUG   SenderThread:66038 [sender.py:send_request():406] send_request: defer
2024-04-27 13:24:54,915 INFO    SenderThread:66038 [sender.py:send_request_defer():610] handle sender defer: 7
2024-04-27 13:24:55,287 INFO    SenderThread:66038 [sender.py:transition_state():614] send defer: 8
2024-04-27 13:24:55,287 DEBUG   HandlerThread:66038 [handler.py:handle_request():146] handle_request: defer
2024-04-27 13:24:55,287 INFO    HandlerThread:66038 [handler.py:handle_request_defer():172] handle defer: 8
2024-04-27 13:24:55,287 DEBUG   SenderThread:66038 [sender.py:send_request():406] send_request: defer
2024-04-27 13:24:55,287 INFO    SenderThread:66038 [sender.py:send_request_defer():610] handle sender defer: 8
2024-04-27 13:24:55,287 INFO    SenderThread:66038 [job_builder.py:build():318] Attempting to build job artifact
2024-04-27 13:24:55,288 INFO    SenderThread:66038 [job_builder.py:_get_source_type():455] is repo sourced job
2024-04-27 13:24:55,308 INFO    SenderThread:66038 [job_builder.py:build():431] adding wandb-job metadata file
2024-04-27 13:24:55,310 INFO    SenderThread:66038 [sender.py:transition_state():614] send defer: 9
2024-04-27 13:24:55,311 DEBUG   HandlerThread:66038 [handler.py:handle_request():146] handle_request: defer
2024-04-27 13:24:55,311 DEBUG   SenderThread:66038 [sender.py:send():379] send: artifact
2024-04-27 13:24:55,311 INFO    HandlerThread:66038 [handler.py:handle_request_defer():172] handle defer: 9
2024-04-27 13:24:55,656 DEBUG   HandlerThread:66038 [handler.py:handle_request():146] handle_request: poll_exit
2024-04-27 13:24:55,789 INFO    Thread-12 :66038 [dir_watcher.py:_on_file_modified():288] file/dir modified: /Users/ayotomiwasalau/Documents/data-tools-project/udacity/mlops/ml-pipeline/ml-pipe/preprocess/wandb/run-20240427_131953-8cmdff3l/files/config.yaml
2024-04-27 13:24:55,790 INFO    Thread-12 :66038 [dir_watcher.py:_on_file_modified():288] file/dir modified: /Users/ayotomiwasalau/Documents/data-tools-project/udacity/mlops/ml-pipeline/ml-pipe/preprocess/wandb/run-20240427_131953-8cmdff3l/files/output.log
2024-04-27 13:24:57,799 INFO    wandb-upload_1:66038 [upload_job.py:push():89] Uploaded file /var/folders/_r/dchdvrt17dbb3l_1jl9f8gm80000gn/T/tmp1f92n53v/wandb-job.json
2024-04-27 13:24:58,058 INFO    wandb-upload_0:66038 [upload_job.py:push():89] Uploaded file /Users/ayotomiwasalau/Library/Application Support/wandb/artifacts/staging/tmp11g317td
2024-04-27 13:31:20,643 DEBUG   HandlerThread:66038 [handler.py:handle_request():146] handle_request: keepalive
2024-04-27 13:31:25,686 DEBUG   HandlerThread:66038 [handler.py:handle_request():146] handle_request: keepalive
2024-04-27 13:41:20,386 DEBUG   HandlerThread:66038 [handler.py:handle_request():146] handle_request: keepalive
2024-04-27 13:41:25,412 DEBUG   HandlerThread:66038 [handler.py:handle_request():146] handle_request: keepalive
2024-04-27 13:41:30,436 DEBUG   HandlerThread:66038 [handler.py:handle_request():146] handle_request: keepalive
2024-04-27 13:41:31,004 INFO    SenderThread:66038 [sender.py:send_artifact():1468] sent artifact job-https___github.com_ayotomiwasalau_ml-pipe.git_preprocess_run.py - {'id': 'QXJ0aWZhY3Q6ODEyODEwMzA4', 'state': 'PENDING', 'artifactSequence': {'id': 'QXJ0aWZhY3RDb2xsZWN0aW9uOjE2NzQyMTQyMA==', 'latestArtifact': None}}
2024-04-27 13:41:31,004 DEBUG   SenderThread:66038 [sender.py:send_request():406] send_request: defer
2024-04-27 13:41:31,004 INFO    SenderThread:66038 [sender.py:send_request_defer():610] handle sender defer: 9
2024-04-27 13:41:31,004 INFO    SenderThread:66038 [dir_watcher.py:finish():358] shutting down directory watcher
2024-04-27 13:41:31,004 DEBUG   HandlerThread:66038 [handler.py:handle_request():146] handle_request: status_report
2024-04-27 13:41:31,525 INFO    SenderThread:66038 [dir_watcher.py:finish():388] scan: /Users/ayotomiwasalau/Documents/data-tools-project/udacity/mlops/ml-pipeline/ml-pipe/preprocess/wandb/run-20240427_131953-8cmdff3l/files
2024-04-27 13:41:31,525 INFO    SenderThread:66038 [dir_watcher.py:finish():402] scan save: /Users/ayotomiwasalau/Documents/data-tools-project/udacity/mlops/ml-pipeline/ml-pipe/preprocess/wandb/run-20240427_131953-8cmdff3l/files/requirements.txt requirements.txt
2024-04-27 13:41:31,525 INFO    SenderThread:66038 [dir_watcher.py:finish():402] scan save: /Users/ayotomiwasalau/Documents/data-tools-project/udacity/mlops/ml-pipeline/ml-pipe/preprocess/wandb/run-20240427_131953-8cmdff3l/files/output.log output.log
2024-04-27 13:41:31,528 INFO    SenderThread:66038 [dir_watcher.py:finish():402] scan save: /Users/ayotomiwasalau/Documents/data-tools-project/udacity/mlops/ml-pipeline/ml-pipe/preprocess/wandb/run-20240427_131953-8cmdff3l/files/config.yaml config.yaml
2024-04-27 13:41:31,530 INFO    SenderThread:66038 [dir_watcher.py:finish():402] scan save: /Users/ayotomiwasalau/Documents/data-tools-project/udacity/mlops/ml-pipeline/ml-pipe/preprocess/wandb/run-20240427_131953-8cmdff3l/files/wandb-summary.json wandb-summary.json
2024-04-27 13:41:31,531 INFO    SenderThread:66038 [dir_watcher.py:finish():402] scan save: /Users/ayotomiwasalau/Documents/data-tools-project/udacity/mlops/ml-pipeline/ml-pipe/preprocess/wandb/run-20240427_131953-8cmdff3l/files/conda-environment.yaml conda-environment.yaml
2024-04-27 13:41:31,532 INFO    SenderThread:66038 [dir_watcher.py:finish():402] scan save: /Users/ayotomiwasalau/Documents/data-tools-project/udacity/mlops/ml-pipeline/ml-pipe/preprocess/wandb/run-20240427_131953-8cmdff3l/files/wandb-metadata.json wandb-metadata.json
2024-04-27 13:41:31,533 INFO    SenderThread:66038 [sender.py:transition_state():614] send defer: 10
2024-04-27 13:41:31,533 DEBUG   SenderThread:66038 [sender.py:send_request():406] send_request: poll_exit
2024-04-27 13:41:31,534 DEBUG   HandlerThread:66038 [handler.py:handle_request():146] handle_request: defer
2024-04-27 13:41:31,535 INFO    HandlerThread:66038 [handler.py:handle_request_defer():172] handle defer: 10
2024-04-27 13:41:31,535 DEBUG   SenderThread:66038 [sender.py:send_request():406] send_request: defer
2024-04-27 13:41:31,535 INFO    SenderThread:66038 [sender.py:send_request_defer():610] handle sender defer: 10
2024-04-27 13:41:31,535 INFO    SenderThread:66038 [file_pusher.py:finish():172] shutting down file pusher
2024-04-27 13:41:31,990 ERROR   wandb-upload_1:66038 [internal_api.py:upload_file():2767] upload_file exception https://storage.googleapis.com/wandb-production.appspot.com/ayotomiwasalau/exercise_14/8cmdff3l/requirements.txt?Expires=1714308092&GoogleAccessId=gorilla-files-url-signer-man%40wandb-production.iam.gserviceaccount.com&Signature=bYCxx4YtWdPu9M9xP1ADHv1KOEsB%2BwP59UxklI4Q9aFk8axr6by1FJ8ke8gp53riQZR4Nw1kzw5gLt%2FbzqBgh4woV4Dp9Ri5zFKCoq72zDWD2gsAk0K9fobqONQLpz5lAxmjpWid%2FBbz9t6r5qi3fW08mPGJ0LNP39ovIKSF58BeVqlKuTYcIpilyLTiJltT9Hs2Z1qY5aC7NFM7lAk3Ynn8nY7VWikao%2FHSIaLj%2F0W%2BZ35IjI74nPjpEA5ELLUNQyrM%2FFJ69jtCA%2BpoXTkKXbVPRanpgotSGdQ7tHKJifKHzM0kk7gmeqtjcMxuFNVttQ6ZX9gD%2BV150G4orZy0Dw%3D%3D: ('Connection aborted.', RemoteDisconnected('Remote end closed connection without response'))
2024-04-27 13:41:31,990 ERROR   wandb-upload_1:66038 [internal_api.py:upload_file():2769] upload_file request headers: {'User-Agent': 'python-requests/2.31.0', 'Accept-Encoding': 'gzip, deflate', 'Accept': '*/*', 'Connection': 'keep-alive', 'Content-Length': '427'}
2024-04-27 13:41:31,990 ERROR   wandb-upload_1:66038 [internal_api.py:upload_file():2771] upload_file response body: 
2024-04-27 13:41:32,307 ERROR   wandb-upload_2:66038 [internal_api.py:upload_file():2767] upload_file exception https://storage.googleapis.com/wandb-production.appspot.com/ayotomiwasalau/exercise_14/8cmdff3l/config.yaml?Expires=1714308092&GoogleAccessId=gorilla-files-url-signer-man%40wandb-production.iam.gserviceaccount.com&Signature=LBESXi9r08KFgEf5%2FxMnvP04LquaL1668gds7lhuEwccyQkAz9cYNbUFwnRxI%2BcQnFRZx7saipJwIH5x2%2BCX8DhBG7GVcFcj%2FDI3TSGjA9N7MvgXAH0qNVqaP0CMzxxPiWCmYRqirBOtneb6Pjmdy1JHCEGU6TWmLyAh4oP3M3DmY4rRzFvVUQqzLmAnia7TGGxPIsh0CRt%2F5asPCUhR6VTB0UmrDepvqIOIRN6XMTWMWJUoy556SY866vzJ3MeqYdur%2BVrBzTnNqlKTy%2FITaNJ4%2FDMnIFQi7hYK5s3PaLlx9aLVMriYiJFYBzZWAX4lLxV6SWMz%2BZx3gZfNhm8moA%3D%3D: ('Connection aborted.', RemoteDisconnected('Remote end closed connection without response'))
2024-04-27 13:41:32,307 ERROR   wandb-upload_2:66038 [internal_api.py:upload_file():2769] upload_file request headers: {'User-Agent': 'python-requests/2.31.0', 'Accept-Encoding': 'gzip, deflate', 'Accept': '*/*', 'Connection': 'keep-alive', 'Content-Length': '333'}
2024-04-27 13:41:32,307 ERROR   wandb-upload_2:66038 [internal_api.py:upload_file():2771] upload_file response body: 
2024-04-27 13:41:32,449 DEBUG   HandlerThread:66038 [handler.py:handle_request():146] handle_request: poll_exit
2024-04-27 13:41:32,449 DEBUG   SenderThread:66038 [sender.py:send_request():406] send_request: poll_exit
2024-04-27 13:41:33,019 INFO    wandb-upload_3:66038 [upload_job.py:push():131] Uploaded file /Users/ayotomiwasalau/Documents/data-tools-project/udacity/mlops/ml-pipeline/ml-pipe/preprocess/wandb/run-20240427_131953-8cmdff3l/files/wandb-summary.json
2024-04-27 13:41:33,020 INFO    wandb-upload_4:66038 [upload_job.py:push():131] Uploaded file /Users/ayotomiwasalau/Documents/data-tools-project/udacity/mlops/ml-pipeline/ml-pipe/preprocess/wandb/run-20240427_131953-8cmdff3l/files/conda-environment.yaml
2024-04-27 13:41:33,074 WARNING FileStreamThread:66038 [file_stream.py:request_with_retry():687] requests_with_retry encountered retryable exception: ('Connection aborted.', RemoteDisconnected('Remote end closed connection without response')). func: functools.partial(<bound method Session.post of <requests.sessions.Session object at 0x118d96450>>, timeout=180.0), args: ('https://api.wandb.ai/files/ayotomiwasalau/exercise_14/8cmdff3l/file_stream',), kwargs: {'json': {'files': {'wandb-summary.json': {'offset': 0, 'content': ['{"_wandb": {"runtime": 299}}']}, 'wandb-events.jsonl': {'offset': 0, 'content': ['{"system.gpu.0.gpu": 0.33, "system.gpu.0.memoryAllocated": 1.23, "system.gpu.0.temp": 35.19, "system.gpu.0.powerWatts": 2.58, "system.gpu.0.powerPercent": 15.61, "system.proc.memory.availableMB": 2705.72, "system.memory": 83.49, "system.proc.memory.rssMB": 68.0, "system.proc.memory.percent": 0.42, "system.cpu": 0.03, "system.cpu.0.cpu_percent": 90.09, "system.cpu.1.cpu_percent": 89.95, "system.cpu.2.cpu_percent": 29.0, "system.cpu.3.cpu_percent": 18.51, "system.cpu.4.cpu_percent": 10.89, "system.cpu.5.cpu_percent": 11.38, "system.cpu.6.cpu_percent": 7.36, "system.cpu.7.cpu_percent": 5.22, "system.proc.cpu.threads": 6, "system.network.sent": 203962.18, "system.network.recv": 335778.91, "system.disk.\\\\.usagePercent": 3.0, "system.disk.\\\\.usageGB": 11.11, "system.disk.in": 198.49, "system.disk.out": 190.98, "_wandb": true, "_timestamp": 1714220694.648876, "_runtime": 301.171851}']}, 'output.log': {'offset': 1, 'content': ['ERROR 2024-04-27T12:24:55.286561 \x1b[34m\x1b[1mwandb\x1b[39m\x1b[22m: \x1b[33mWARNING\x1b[39m A graphql request initiated by the public wandb API timed out (timeout=19 sec). Create a new API with an integer timeout larger than 19, e.g., `api = wandb.Api(timeout=29)` to increase the graphql timeout.\n', "ERROR 2024-04-27T12:24:55.286561 \x1b[34m\x1b[1mwandb\x1b[39m\x1b[22m: \x1b[32m\x1b[41mERROR\x1b[39m\x1b[49m HTTPSConnectionPool(host='api.wandb.ai', port=443): Read timed out. (read timeout=19)\n", 'ERROR 2024-04-27T12:24:55.286561 Traceback (most recent call last):\n', 'ERROR 2024-04-27T12:24:55.286561   File "/Users/ayotomiwasalau/anaconda3/envs/mlflow-7bd88c9e64ceb46f797079836efc7bf9aa6d00e9/lib/python3.12/site-packages/urllib3/connectionpool.py", line 537, in _make_request\n', 'ERROR 2024-04-27T12:24:55.286561     response = conn.getresponse()\n', 'ERROR 2024-04-27T12:24:55.286561                ^^^^^^^^^^^^^^^^^^\n', 'ERROR 2024-04-27T12:24:55.286561   File "/Users/ayotomiwasalau/anaconda3/envs/mlflow-7bd88c9e64ceb46f797079836efc7bf9aa6d00e9/lib/python3.12/site-packages/urllib3/connection.py", line 466, in getresponse\n', 'ERROR 2024-04-27T12:24:55.286561     httplib_response = super().getresponse()\n', 'ERROR 2024-04-27T12:24:55.286561                        ^^^^^^^^^^^^^^^^^^^^^\n', 'ERROR 2024-04-27T12:24:55.286561   File "/Users/ayotomiwasalau/anaconda3/envs/mlflow-7bd88c9e64ceb46f797079836efc7bf9aa6d00e9/lib/python3.12/http/client.py", line 1428, in getresponse\n', 'ERROR 2024-04-27T12:24:55.286561     response.begin()\n', 'ERROR 2024-04-27T12:24:55.286561   File "/Users/ayotomiwasalau/anaconda3/envs/mlflow-7bd88c9e64ceb46f797079836efc7bf9aa6d00e9/lib/python3.12/http/client.py", line 331, in begin\n', 'ERROR 2024-04-27T12:24:55.286561     version, status, reason = self._read_status()\n', 'ERROR 2024-04-27T12:24:55.286561                               ^^^^^^^^^^^^^^^^^^^\n', 'ERROR 2024-04-27T12:24:55.286561   File "/Users/ayotomiwasalau/anaconda3/envs/mlflow-7bd88c9e64ceb46f797079836efc7bf9aa6d00e9/lib/python3.12/http/client.py", line 292, in _read_status\n', 'ERROR 2024-04-27T12:24:55.286561     line = str(self.fp.readline(_MAXLINE + 1), "iso-8859-1")\n', 'ERROR 2024-04-27T12:24:55.286561                ^^^^^^^^^^^^^^^^^^^^^^^^^^^^^^\n', 'ERROR 2024-04-27T12:24:55.286561   File "/Users/ayotomiwasalau/anaconda3/envs/mlflow-7bd88c9e64ceb46f797079836efc7bf9aa6d00e9/lib/python3.12/socket.py", line 707, in readinto\n', 'ERROR 2024-04-27T12:24:55.286561     return self._sock.recv_into(b)\n', 'ERROR 2024-04-27T12:24:55.286561            ^^^^^^^^^^^^^^^^^^^^^^^\n', 'ERROR 2024-04-27T12:24:55.286561   File "/Users/ayotomiwasalau/anaconda3/envs/mlflow-7bd88c9e64ceb46f797079836efc7bf9aa6d00e9/lib/python3.12/ssl.py", line 1252, in recv_into\n', 'ERROR 2024-04-27T12:24:55.286561     return self.read(nbytes, buffer)\n', 'ERROR 2024-04-27T12:24:55.286561            ^^^^^^^^^^^^^^^^^^^^^^^^^\n', 'ERROR 2024-04-27T12:24:55.286561   File "/Users/ayotomiwasalau/anaconda3/envs/mlflow-7bd88c9e64ceb46f797079836efc7bf9aa6d00e9/lib/python3.12/ssl.py", line 1104, in read\n', 'ERROR 2024-04-27T12:24:55.286561     return self._sslobj.read(len, buffer)\n', 'ERROR 2024-04-27T12:24:55.286561            ^^^^^^^^^^^^^^^^^^^^^^^^^^^^^^\n', 'ERROR 2024-04-27T12:24:55.286561 TimeoutError: The read operation timed out\n', 'ERROR 2024-04-27T12:24:55.286561 The above exception was the direct cause of the following exception:\n', 'ERROR 2024-04-27T12:24:55.286561 Traceback (most recent call last):\n', 'ERROR 2024-04-27T12:24:55.286561   File "/Users/ayotomiwasalau/anaconda3/envs/mlflow-7bd88c9e64ceb46f797079836efc7bf9aa6d00e9/lib/python3.12/site-packages/requests/adapters.py", line 486, in send\n', 'ERROR 2024-04-27T12:24:55.286561     resp = conn.urlopen(\n', 'ERROR 2024-04-27T12:24:55.286561            ^^^^^^^^^^^^^\n', 'ERROR 2024-04-27T12:24:55.286561   File "/Users/ayotomiwasalau/anaconda3/envs/mlflow-7bd88c9e64ceb46f797079836efc7bf9aa6d00e9/lib/python3.12/site-packages/urllib3/connectionpool.py", line 847, in urlopen\n', 'ERROR 2024-04-27T12:24:55.286561     retries = retries.increment(\n', 'ERROR 2024-04-27T12:24:55.286561               ^^^^^^^^^^^^^^^^^^\n', 'ERROR 2024-04-27T12:24:55.286561   File "/Users/ayotomiwasalau/anaconda3/envs/mlflow-7bd88c9e64ceb46f797079836efc7bf9aa6d00e9/lib/python3.12/site-packages/urllib3/util/retry.py", line 470, in increment\n', 'ERROR 2024-04-27T12:24:55.286561     raise reraise(type(error), error, _stacktrace)\n', 'ERROR 2024-04-27T12:24:55.286561           ^^^^^^^^^^^^^^^^^^^^^^^^^^^^^^^^^^^^^^^^\n', 'ERROR 2024-04-27T12:24:55.286561   File "/Users/ayotomiwasalau/anaconda3/envs/mlflow-7bd88c9e64ceb46f797079836efc7bf9aa6d00e9/lib/python3.12/site-packages/urllib3/util/util.py", line 39, in reraise\n', 'ERROR 2024-04-27T12:24:55.286561     raise value\n', 'ERROR 2024-04-27T12:24:55.286561   File "/Users/ayotomiwasalau/anaconda3/envs/mlflow-7bd88c9e64ceb46f797079836efc7bf9aa6d00e9/lib/python3.12/site-packages/urllib3/connectionpool.py", line 793, in urlopen\n', 'ERROR 2024-04-27T12:24:55.286561     response = self._make_request(\n', 'ERROR 2024-04-27T12:24:55.286561                ^^^^^^^^^^^^^^^^^^^\n', 'ERROR 2024-04-27T12:24:55.286561   File "/Users/ayotomiwasalau/anaconda3/envs/mlflow-7bd88c9e64ceb46f797079836efc7bf9aa6d00e9/lib/python3.12/site-packages/urllib3/connectionpool.py", line 539, in _make_request\n', 'ERROR 2024-04-27T12:24:55.286561     self._raise_timeout(err=e, url=url, timeout_value=read_timeout)\n', 'ERROR 2024-04-27T12:24:55.286561   File "/Users/ayotomiwasalau/anaconda3/envs/mlflow-7bd88c9e64ceb46f797079836efc7bf9aa6d00e9/lib/python3.12/site-packages/urllib3/connectionpool.py", line 370, in _raise_timeout\n', 'ERROR 2024-04-27T12:24:55.286561     raise ReadTimeoutError(\n', "ERROR 2024-04-27T12:24:55.286561 urllib3.exceptions.ReadTimeoutError: HTTPSConnectionPool(host='api.wandb.ai', port=443): Read timed out. (read timeout=19)\n", 'ERROR 2024-04-27T12:24:55.286561 During handling of the above exception, another exception occurred:\n', 'ERROR 2024-04-27T12:24:55.286561 Traceback (most recent call last):\n', 'ERROR 2024-04-27T12:24:55.286561   File "/Users/ayotomiwasalau/anaconda3/envs/mlflow-7bd88c9e64ceb46f797079836efc7bf9aa6d00e9/lib/python3.12/site-packages/wandb/apis/normalize.py", line 41, in wrapper\n', 'ERROR 2024-04-27T12:24:55.286561     return func(*args, **kwargs)\n', 'ERROR 2024-04-27T12:24:55.286561            ^^^^^^^^^^^^^^^^^^^^^\n', 'ERROR 2024-04-27T12:24:55.286561   File "/Users/ayotomiwasalau/anaconda3/envs/mlflow-7bd88c9e64ceb46f797079836efc7bf9aa6d00e9/lib/python3.12/site-packages/wandb/apis/public/api.py", line 958, in artifact\n', 'ERROR 2024-04-27T12:24:55.286561     artifact = wandb.Artifact._from_name(\n', 'ERROR 2024-04-27T12:24:55.286561                ^^^^^^^^^^^^^^^^^^^^^^^^^^\n', 'ERROR 2024-04-27T12:24:55.286561   File "/Users/ayotomiwasalau/anaconda3/envs/mlflow-7bd88c9e64ceb46f797079836efc7bf9aa6d00e9/lib/python3.12/site-packages/wandb/sdk/artifacts/artifact.py", line 257, in _from_name\n', 'ERROR 2024-04-27T12:24:55.286561     response = client.execute(\n', 'ERROR 2024-04-27T12:24:55.286561                ^^^^^^^^^^^^^^^\n', 'ERROR 2024-04-27T12:24:55.286561   File "/Users/ayotomiwasalau/anaconda3/envs/mlflow-7bd88c9e64ceb46f797079836efc7bf9aa6d00e9/lib/python3.12/site-packages/wandb/sdk/lib/retry.py", line 212, in wrapped_fn\n', 'ERROR 2024-04-27T12:24:55.286561     return retrier(*args, **kargs)\n', 'ERROR 2024-04-27T12:24:55.286561            ^^^^^^^^^^^^^^^^^^^^^^^\n', 'ERROR 2024-04-27T12:24:55.286561   File "/Users/ayotomiwasalau/anaconda3/envs/mlflow-7bd88c9e64ceb46f797079836efc7bf9aa6d00e9/lib/python3.12/site-packages/wandb/sdk/lib/retry.py", line 131, in __call__\n', 'ERROR 2024-04-27T12:24:55.286561     result = self._call_fn(*args, **kwargs)\n', 'ERROR 2024-04-27T12:24:55.286561              ^^^^^^^^^^^^^^^^^^^^^^^^^^^^^^\n', 'ERROR 2024-04-27T12:24:55.286561   File "/Users/ayotomiwasalau/anaconda3/envs/mlflow-7bd88c9e64ceb46f797079836efc7bf9aa6d00e9/lib/python3.12/site-packages/wandb/apis/public/api.py", line 73, in execute\n', 'ERROR 2024-04-27T12:24:55.286561     return self._client.execute(*args, **kwargs)\n', 'ERROR 2024-04-27T12:24:55.286561            ^^^^^^^^^^^^^^^^^^^^^^^^^^^^^^^^^^^^^\n', 'ERROR 2024-04-27T12:24:55.286561   File "/Users/ayotomiwasalau/anaconda3/envs/mlflow-7bd88c9e64ceb46f797079836efc7bf9aa6d00e9/lib/python3.12/site-packages/wandb/vendor/gql-0.2.0/wandb_gql/client.py", line 52, in execute\n', 'ERROR 2024-04-27T12:24:55.286561     result = self._get_result(document, *args, **kwargs)\n', 'ERROR 2024-04-27T12:24:55.286561              ^^^^^^^^^^^^^^^^^^^^^^^^^^^^^^^^^^^^^^^^^^^\n', 'ERROR 2024-04-27T12:24:55.286561   File "/Users/ayotomiwasalau/anaconda3/envs/mlflow-7bd88c9e64ceb46f797079836efc7bf9aa6d00e9/lib/python3.12/site-packages/wandb/vendor/gql-0.2.0/wandb_gql/client.py", line 60, in _get_result\n', 'ERROR 2024-04-27T12:24:55.286561     return self.transport.execute(document, *args, **kwargs)\n', 'ERROR 2024-04-27T12:24:55.286561            ^^^^^^^^^^^^^^^^^^^^^^^^^^^^^^^^^^^^^^^^^^^^^^^^^\n', 'ERROR 2024-04-27T12:24:55.286561   File "/Users/ayotomiwasalau/anaconda3/envs/mlflow-7bd88c9e64ceb46f797079836efc7bf9aa6d00e9/lib/python3.12/site-packages/wandb/sdk/lib/gql_request.py", line 58, in execute\n', 'ERROR 2024-04-27T12:24:55.286561     request = self.session.post(self.url, **post_args)\n', 'ERROR 2024-04-27T12:24:55.286561               ^^^^^^^^^^^^^^^^^^^^^^^^^^^^^^^^^^^^^^^^\n', 'ERROR 2024-04-27T12:24:55.286561   File "/Users/ayotomiwasalau/anaconda3/envs/mlflow-7bd88c9e64ceb46f797079836efc7bf9aa6d00e9/lib/python3.12/site-packages/requests/sessions.py", line 637, in post\n', 'ERROR 2024-04-27T12:24:55.286561     return self.request("POST", url, data=data, json=json, **kwargs)\n', 'ERROR 2024-04-27T12:24:55.286561            ^^^^^^^^^^^^^^^^^^^^^^^^^^^^^^^^^^^^^^^^^^^^^^^^^^^^^^^^^\n', 'ERROR 2024-04-27T12:24:55.286561   File "/Users/ayotomiwasalau/anaconda3/envs/mlflow-7bd88c9e64ceb46f797079836efc7bf9aa6d00e9/lib/python3.12/site-packages/requests/sessions.py", line 589, in request\n', 'ERROR 2024-04-27T12:24:55.286561     resp = self.send(prep, **send_kwargs)\n', 'ERROR 2024-04-27T12:24:55.286561            ^^^^^^^^^^^^^^^^^^^^^^^^^^^^^^\n', 'ERROR 2024-04-27T12:24:55.286561   File "/Users/ayotomiwasalau/anaconda3/envs/mlflow-7bd88c9e64ceb46f797079836efc7bf9aa6d00e9/lib/python3.12/site-packages/requests/sessions.py", line 703, in send\n', 'ERROR 2024-04-27T12:24:55.286561     r = adapter.send(request, **kwargs)\n', 'ERROR 2024-04-27T12:24:55.286561         ^^^^^^^^^^^^^^^^^^^^^^^^^^^^^^^\n', 'ERROR 2024-04-27T12:24:55.286561   File "/Users/ayotomiwasalau/anaconda3/envs/mlflow-7bd88c9e64ceb46f797079836efc7bf9aa6d00e9/lib/python3.12/site-packages/requests/adapters.py", line 532, in send\n', 'ERROR 2024-04-27T12:24:55.286561     raise ReadTimeout(e, request=request)\n', "ERROR 2024-04-27T12:24:55.286561 requests.exceptions.ReadTimeout: HTTPSConnectionPool(host='api.wandb.ai', port=443): Read timed out. (read timeout=19)\n", 'ERROR 2024-04-27T12:24:55.286561 During handling of the above exception, another exception occurred:\n', 'ERROR 2024-04-27T12:24:55.286561 Traceback (most recent call last):\n', 'ERROR 2024-04-27T12:24:55.286561   File "/Users/ayotomiwasalau/Documents/data-tools-project/udacity/mlops/ml-pipeline/ml-pipe/preprocess/run.py", line 80, in <module>\n', 'ERROR 2024-04-27T12:24:55.286561     go(args)\n', 'ERROR 2024-04-27T12:24:55.286561   File "/Users/ayotomiwasalau/Documents/data-tools-project/udacity/mlops/ml-pipeline/ml-pipe/preprocess/run.py", line 19, in go\n', 'ERROR 2024-04-27T12:24:55.286561     artifact = run.use_artifact(args.input_artifact)\n', 'ERROR 2024-04-27T12:24:55.286561                ^^^^^^^^^^^^^^^^^^^^^^^^^^^^^^^^^^^^^\n', 'ERROR 2024-04-27T12:24:55.286561   File "/Users/ayotomiwasalau/anaconda3/envs/mlflow-7bd88c9e64ceb46f797079836efc7bf9aa6d00e9/lib/python3.12/site-packages/wandb/sdk/wandb_run.py", line 371, in wrapper_fn\n', 'ERROR 2024-04-27T12:24:55.286561     return func(self, *args, **kwargs)\n', 'ERROR 2024-04-27T12:24:55.286561            ^^^^^^^^^^^^^^^^^^^^^^^^^^^\n', 'ERROR 2024-04-27T12:24:55.286561   File "/Users/ayotomiwasalau/anaconda3/envs/mlflow-7bd88c9e64ceb46f797079836efc7bf9aa6d00e9/lib/python3.12/site-packages/wandb/sdk/wandb_run.py", line 361, in wrapper\n', 'ERROR 2024-04-27T12:24:55.286561     return func(self, *args, **kwargs)\n', 'ERROR 2024-04-27T12:24:55.286561            ^^^^^^^^^^^^^^^^^^^^^^^^^^^\n', 'ERROR 2024-04-27T12:24:55.286561   File "/Users/ayotomiwasalau/anaconda3/envs/mlflow-7bd88c9e64ceb46f797079836efc7bf9aa6d00e9/lib/python3.12/site-packages/wandb/sdk/wandb_run.py", line 2872, in use_artifact\n', 'ERROR 2024-04-27T12:24:55.286561     artifact = public_api.artifact(type=type, name=name)\n', 'ERROR 2024-04-27T12:24:55.286561                ^^^^^^^^^^^^^^^^^^^^^^^^^^^^^^^^^^^^^^^^^\n', 'ERROR 2024-04-27T12:24:55.286561   File "/Users/ayotomiwasalau/anaconda3/envs/mlflow-7bd88c9e64ceb46f797079836efc7bf9aa6d00e9/lib/python3.12/site-packages/wandb/apis/normalize.py", line 87, in wrapper\n', 'ERROR 2024-04-27T12:24:55.286561     raise CommError(message, err).with_traceback(sys.exc_info()[2])\n', 'ERROR 2024-04-27T12:24:55.286561   File "/Users/ayotomiwasalau/anaconda3/envs/mlflow-7bd88c9e64ceb46f797079836efc7bf9aa6d00e9/lib/python3.12/site-packages/wandb/apis/normalize.py", line 41, in wrapper\n', 'ERROR 2024-04-27T12:24:55.286561     return func(*args, **kwargs)\n', 'ERROR 2024-04-27T12:24:55.286561            ^^^^^^^^^^^^^^^^^^^^^\n', 'ERROR 2024-04-27T12:24:55.286561   File "/Users/ayotomiwasalau/anaconda3/envs/mlflow-7bd88c9e64ceb46f797079836efc7bf9aa6d00e9/lib/python3.12/site-packages/wandb/apis/public/api.py", line 958, in artifact\n', 'ERROR 2024-04-27T12:24:55.286561     artifact = wandb.Artifact._from_name(\n', 'ERROR 2024-04-27T12:24:55.286561                ^^^^^^^^^^^^^^^^^^^^^^^^^^\n', 'ERROR 2024-04-27T12:24:55.286561   File "/Users/ayotomiwasalau/anaconda3/envs/mlflow-7bd88c9e64ceb46f797079836efc7bf9aa6d00e9/lib/python3.12/site-packages/wandb/sdk/artifacts/artifact.py", line 257, in _from_name\n', 'ERROR 2024-04-27T12:24:55.286561     response = client.execute(\n', 'ERROR 2024-04-27T12:24:55.286561                ^^^^^^^^^^^^^^^\n', 'ERROR 2024-04-27T12:24:55.286561   File "/Users/ayotomiwasalau/anaconda3/envs/mlflow-7bd88c9e64ceb46f797079836efc7bf9aa6d00e9/lib/python3.12/site-packages/wandb/sdk/lib/retry.py", line 212, in wrapped_fn\n', 'ERROR 2024-04-27T12:24:55.286561     return retrier(*args, **kargs)\n', 'ERROR 2024-04-27T12:24:55.286561            ^^^^^^^^^^^^^^^^^^^^^^^\n', 'ERROR 2024-04-27T12:24:55.286561   File "/Users/ayotomiwasalau/anaconda3/envs/mlflow-7bd88c9e64ceb46f797079836efc7bf9aa6d00e9/lib/python3.12/site-packages/wandb/sdk/lib/retry.py", line 131, in __call__\n', 'ERROR 2024-04-27T12:24:55.286561     result = self._call_fn(*args, **kwargs)\n', 'ERROR 2024-04-27T12:24:55.286561              ^^^^^^^^^^^^^^^^^^^^^^^^^^^^^^\n', 'ERROR 2024-04-27T12:24:55.286561   File "/Users/ayotomiwasalau/anaconda3/envs/mlflow-7bd88c9e64ceb46f797079836efc7bf9aa6d00e9/lib/python3.12/site-packages/wandb/apis/public/api.py", line 73, in execute\n', 'ERROR 2024-04-27T12:24:55.286561     return self._client.execute(*args, **kwargs)\n', 'ERROR 2024-04-27T12:24:55.286561            ^^^^^^^^^^^^^^^^^^^^^^^^^^^^^^^^^^^^^\n', 'ERROR 2024-04-27T12:24:55.286561   File "/Users/ayotomiwasalau/anaconda3/envs/mlflow-7bd88c9e64ceb46f797079836efc7bf9aa6d00e9/lib/python3.12/site-packages/wandb/vendor/gql-0.2.0/wandb_gql/client.py", line 52, in execute\n', 'ERROR 2024-04-27T12:24:55.286561     result = self._get_result(document, *args, **kwargs)\n', 'ERROR 2024-04-27T12:24:55.286561              ^^^^^^^^^^^^^^^^^^^^^^^^^^^^^^^^^^^^^^^^^^^\n', 'ERROR 2024-04-27T12:24:55.286561   File "/Users/ayotomiwasalau/anaconda3/envs/mlflow-7bd88c9e64ceb46f797079836efc7bf9aa6d00e9/lib/python3.12/site-packages/wandb/vendor/gql-0.2.0/wandb_gql/client.py", line 60, in _get_result\n', 'ERROR 2024-04-27T12:24:55.286561     return self.transport.execute(document, *args, **kwargs)\n', 'ERROR 2024-04-27T12:24:55.286561            ^^^^^^^^^^^^^^^^^^^^^^^^^^^^^^^^^^^^^^^^^^^^^^^^^\n', 'ERROR 2024-04-27T12:24:55.286561   File "/Users/ayotomiwasalau/anaconda3/envs/mlflow-7bd88c9e64ceb46f797079836efc7bf9aa6d00e9/lib/python3.12/site-packages/wandb/sdk/lib/gql_request.py", line 58, in execute\n', 'ERROR 2024-04-27T12:24:55.286561     request = self.session.post(self.url, **post_args)\n', 'ERROR 2024-04-27T12:24:55.286561               ^^^^^^^^^^^^^^^^^^^^^^^^^^^^^^^^^^^^^^^^\n', 'ERROR 2024-04-27T12:24:55.286561   File "/Users/ayotomiwasalau/anaconda3/envs/mlflow-7bd88c9e64ceb46f797079836efc7bf9aa6d00e9/lib/python3.12/site-packages/requests/sessions.py", line 637, in post\n', 'ERROR 2024-04-27T12:24:55.286561     return self.request("POST", url, data=data, json=json, **kwargs)\n', 'ERROR 2024-04-27T12:24:55.286561            ^^^^^^^^^^^^^^^^^^^^^^^^^^^^^^^^^^^^^^^^^^^^^^^^^^^^^^^^^\n', 'ERROR 2024-04-27T12:24:55.286561   File "/Users/ayotomiwasalau/anaconda3/envs/mlflow-7bd88c9e64ceb46f797079836efc7bf9aa6d00e9/lib/python3.12/site-packages/requests/sessions.py", line 589, in request\n', 'ERROR 2024-04-27T12:24:55.286561     resp = self.send(prep, **send_kwargs)\n', 'ERROR 2024-04-27T12:24:55.286561            ^^^^^^^^^^^^^^^^^^^^^^^^^^^^^^\n', 'ERROR 2024-04-27T12:24:55.286561   File "/Users/ayotomiwasalau/anaconda3/envs/mlflow-7bd88c9e64ceb46f797079836efc7bf9aa6d00e9/lib/python3.12/site-packages/requests/sessions.py", line 703, in send\n', 'ERROR 2024-04-27T12:24:55.286561     r = adapter.send(request, **kwargs)\n', 'ERROR 2024-04-27T12:24:55.286561         ^^^^^^^^^^^^^^^^^^^^^^^^^^^^^^^\n', 'ERROR 2024-04-27T12:24:55.286561   File "/Users/ayotomiwasalau/anaconda3/envs/mlflow-7bd88c9e64ceb46f797079836efc7bf9aa6d00e9/lib/python3.12/site-packages/requests/adapters.py", line 532, in send\n', 'ERROR 2024-04-27T12:24:55.286561     raise ReadTimeout(e, request=request)\n', "ERROR 2024-04-27T12:24:55.286561 wandb.errors.CommError: HTTPSConnectionPool(host='api.wandb.ai', port=443): Read timed out. (read timeout=19)\n"]}}, 'dropped': 0}}
2024-04-27 13:41:33,411 INFO    wandb-upload_1:66038 [upload_job.py:push():131] Uploaded file /Users/ayotomiwasalau/Documents/data-tools-project/udacity/mlops/ml-pipeline/ml-pipe/preprocess/wandb/run-20240427_131953-8cmdff3l/files/requirements.txt
2024-04-27 13:41:33,453 DEBUG   HandlerThread:66038 [handler.py:handle_request():146] handle_request: poll_exit
2024-04-27 13:41:33,454 DEBUG   SenderThread:66038 [sender.py:send_request():406] send_request: poll_exit
2024-04-27 13:41:33,662 INFO    wandb-upload_0:66038 [upload_job.py:push():131] Uploaded file /Users/ayotomiwasalau/Documents/data-tools-project/udacity/mlops/ml-pipeline/ml-pipe/preprocess/wandb/run-20240427_131953-8cmdff3l/files/output.log
2024-04-27 13:41:33,855 INFO    wandb-upload_2:66038 [upload_job.py:push():131] Uploaded file /Users/ayotomiwasalau/Documents/data-tools-project/udacity/mlops/ml-pipeline/ml-pipe/preprocess/wandb/run-20240427_131953-8cmdff3l/files/config.yaml
2024-04-27 13:41:34,061 INFO    Thread-11 (_thread_body):66038 [sender.py:transition_state():614] send defer: 11
2024-04-27 13:41:34,063 DEBUG   HandlerThread:66038 [handler.py:handle_request():146] handle_request: defer
2024-04-27 13:41:34,063 INFO    HandlerThread:66038 [handler.py:handle_request_defer():172] handle defer: 11
2024-04-27 13:41:34,064 DEBUG   SenderThread:66038 [sender.py:send_request():406] send_request: defer
2024-04-27 13:41:34,064 INFO    SenderThread:66038 [sender.py:send_request_defer():610] handle sender defer: 11
2024-04-27 13:41:34,064 INFO    SenderThread:66038 [file_pusher.py:join():178] waiting for file pusher
2024-04-27 13:41:34,065 INFO    SenderThread:66038 [sender.py:transition_state():614] send defer: 12
2024-04-27 13:41:34,066 DEBUG   HandlerThread:66038 [handler.py:handle_request():146] handle_request: defer
2024-04-27 13:41:34,066 INFO    HandlerThread:66038 [handler.py:handle_request_defer():172] handle defer: 12
2024-04-27 13:41:34,066 DEBUG   SenderThread:66038 [sender.py:send_request():406] send_request: defer
2024-04-27 13:41:34,066 INFO    SenderThread:66038 [sender.py:send_request_defer():610] handle sender defer: 12
2024-04-27 13:41:34,066 INFO    SenderThread:66038 [file_stream.py:finish():614] file stream finish called
2024-04-27 13:41:34,455 DEBUG   HandlerThread:66038 [handler.py:handle_request():146] handle_request: poll_exit
2024-04-27 13:41:36,937 INFO    SenderThread:66038 [file_stream.py:finish():618] file stream finish is done
2024-04-27 13:41:36,937 INFO    SenderThread:66038 [sender.py:transition_state():614] send defer: 13
2024-04-27 13:41:36,937 DEBUG   SenderThread:66038 [sender.py:send_request():406] send_request: poll_exit
2024-04-27 13:41:36,938 DEBUG   HandlerThread:66038 [handler.py:handle_request():146] handle_request: defer
2024-04-27 13:41:36,938 INFO    HandlerThread:66038 [handler.py:handle_request_defer():172] handle defer: 13
2024-04-27 13:41:36,938 DEBUG   HandlerThread:66038 [handler.py:handle_request():146] handle_request: status_report
2024-04-27 13:41:36,938 DEBUG   SenderThread:66038 [sender.py:send_request():406] send_request: defer
2024-04-27 13:41:36,938 INFO    SenderThread:66038 [sender.py:send_request_defer():610] handle sender defer: 13
2024-04-27 13:41:36,939 INFO    SenderThread:66038 [sender.py:transition_state():614] send defer: 14
2024-04-27 13:41:36,939 DEBUG   HandlerThread:66038 [handler.py:handle_request():146] handle_request: defer
2024-04-27 13:41:36,939 DEBUG   SenderThread:66038 [sender.py:send():379] send: final
2024-04-27 13:41:36,939 INFO    HandlerThread:66038 [handler.py:handle_request_defer():172] handle defer: 14
2024-04-27 13:41:36,939 DEBUG   SenderThread:66038 [sender.py:send():379] send: footer
2024-04-27 13:41:36,940 DEBUG   SenderThread:66038 [sender.py:send_request():406] send_request: defer
2024-04-27 13:41:36,940 INFO    SenderThread:66038 [sender.py:send_request_defer():610] handle sender defer: 14
2024-04-27 13:41:36,940 DEBUG   HandlerThread:66038 [handler.py:handle_request():146] handle_request: poll_exit
2024-04-27 13:41:36,941 DEBUG   SenderThread:66038 [sender.py:send_request():406] send_request: poll_exit
2024-04-27 13:41:36,942 DEBUG   HandlerThread:66038 [handler.py:handle_request():146] handle_request: poll_exit
2024-04-27 13:41:36,942 DEBUG   HandlerThread:66038 [handler.py:handle_request():146] handle_request: server_info
2024-04-27 13:41:36,942 DEBUG   HandlerThread:66038 [handler.py:handle_request():146] handle_request: get_summary
2024-04-27 13:41:36,943 DEBUG   SenderThread:66038 [sender.py:send_request():406] send_request: poll_exit
2024-04-27 13:41:36,943 DEBUG   SenderThread:66038 [sender.py:send_request():406] send_request: server_info
2024-04-27 13:41:36,943 DEBUG   HandlerThread:66038 [handler.py:handle_request():146] handle_request: sampled_history
2024-04-27 13:41:36,945 DEBUG   HandlerThread:66038 [handler.py:handle_request():146] handle_request: internal_messages
2024-04-27 13:41:37,315 INFO    MainThread:66038 [wandb_run.py:_footer_history_summary_info():3936] rendering history
2024-04-27 13:41:37,315 INFO    MainThread:66038 [wandb_run.py:_footer_history_summary_info():3968] rendering summary
2024-04-27 13:41:37,316 INFO    MainThread:66038 [wandb_run.py:_footer_sync_info():3895] logging synced files
2024-04-27 13:41:37,317 DEBUG   HandlerThread:66038 [handler.py:handle_request():146] handle_request: shutdown
2024-04-27 13:41:37,318 INFO    HandlerThread:66038 [handler.py:finish():866] shutting down handler
2024-04-27 13:41:37,948 INFO    WriterThread:66038 [datastore.py:close():296] close: /Users/ayotomiwasalau/Documents/data-tools-project/udacity/mlops/ml-pipeline/ml-pipe/preprocess/wandb/run-20240427_131953-8cmdff3l/run-8cmdff3l.wandb
2024-04-27 13:41:38,317 INFO    SenderThread:66038 [sender.py:finish():1546] shutting down sender
2024-04-27 13:41:38,318 INFO    SenderThread:66038 [file_pusher.py:finish():172] shutting down file pusher
2024-04-27 13:41:38,318 INFO    SenderThread:66038 [file_pusher.py:join():178] waiting for file pusher
